d:\visual projects\form plex\form plex\debug\vc141.pdb
d:\visual projects\form plex\form plex\debug\.netframework,version=v4.7.1.assemblyattributes.obj
d:\visual projects\form plex\form plex\debug\.netframework,version=v4.7.1.assemblyattributes.asm
d:\visual projects\form plex\form plex\debug\tpoint.obj
d:\visual projects\form plex\form plex\debug\tplex.obj
d:\visual projects\form plex\form plex\debug\tdrawing.obj
d:\visual projects\form plex\form plex\debug\myform.obj
d:\visual projects\form plex\form plex\debug\tline.obj
d:\visual projects\form plex\form plex\debug\tbase.obj
d:\visual projects\form plex\form plex\debug\formplex.myform.resources
d:\visual projects\form plex\debug\form plex.exe
d:\visual projects\form plex\debug\form plex.pdb
d:\visual projects\form plex\form plex\debug\form plex.vcxproj.generateresource.cache
d:\visual projects\form plex\form plex\debug\form plex.vcxprojassemblyreference.cache
d:\visual projects\form plex\form plex\debug\form plex.tlog\cl.command.1.tlog
d:\visual projects\form plex\form plex\debug\form plex.tlog\cl.read.1.tlog
d:\visual projects\form plex\form plex\debug\form plex.tlog\cl.write.1.tlog
d:\visual projects\form plex\form plex\debug\form plex.tlog\form plex.write.1u.tlog
d:\visual projects\form plex\form plex\debug\form plex.tlog\link.command.1.tlog
d:\visual projects\form plex\form plex\debug\form plex.tlog\link.read.1.tlog
d:\visual projects\form plex\form plex\debug\form plex.tlog\link.write.1.tlog
d:\visual projects\form plex\form plex\debug\form plex.tlog\metagen.read.1.tlog
d:\visual projects\form plex\form plex\debug\form plex.tlog\metagen.write.1.tlog
d:\visual projects\form plex\form plex\debug\form plex.tlog\tzres.dll.bi
